0 info it worked if it ends with ok
1 verbose cli [ 'C:\\Program Files\\nodejs\\node.exe',
1 verbose cli   'C:\\Program Files\\nodejs\\node_modules\\npm\\bin\\npm-cli.js',
1 verbose cli   'run',
1 verbose cli   'dev' ]
2 info using npm@3.10.10
3 info using node@v6.11.2
4 verbose run-script [ 'predev', 'dev', 'postdev' ]
5 info lifecycle personal-webserver@1.0.0~predev: personal-webserver@1.0.0
6 silly lifecycle personal-webserver@1.0.0~predev: no script for predev, continuing
7 info lifecycle personal-webserver@1.0.0~dev: personal-webserver@1.0.0
8 verbose lifecycle personal-webserver@1.0.0~dev: unsafe-perm in lifecycle true
9 verbose lifecycle personal-webserver@1.0.0~dev: PATH: C:\Program Files\nodejs\node_modules\npm\bin\node-gyp-bin;C:\Users\jhynesbr\Desktop\trivia-Vue\node_modules\.bin;C:\Users\jhynesbr\Desktop\cmder\bin;C:\Users\jhynesbr\Desktop\cmder\vendor\conemu-maximus5\ConEmu\Scripts;C:\Users\jhynesbr\Desktop\cmder\vendor\conemu-maximus5;C:\Users\jhynesbr\Desktop\cmder\vendor\conemu-maximus5\ConEmu;C:\Program Files (x86)\NVIDIA Corporation\PhysX\Common;C:\ProgramData\Oracle\Java\javapath;C:\Program Files (x86)\Intel\iCLS Client\;C:\Program Files\Intel\iCLS Client\;C:\WINDOWS\system32;C:\WINDOWS;C:\WINDOWS\System32\Wbem;C:\WINDOWS\System32\WindowsPowerShell\v1.0\;C:\Program Files\Intel\WiFi\bin\;C:\Program Files\Common Files\Intel\WirelessCommon\;C:\Program Files (x86)\Intel\Intel(R) Management Engine Components\DAL;C:\Program Files\Intel\Intel(R) Management Engine Components\DAL;C:\Program Files (x86)\Intel\Intel(R) Management Engine Components\IPT;C:\Program Files\Intel\Intel(R) Management Engine Components\IPT;C:\Program Files (x86)\Shoreline Communications\ShoreWare Client\;C:\Program Files (x86)\Shoreline Communications\ShoreWare Client\win64;C:\Program Files\Git\cmd;C:\Program Files\Git\mingw64\bin;C:\Program Files\Git\usr\bin;C:\Program Files\nodejs\;C:\Program Files\PuTTY\;C:\Program Files\LLVM\bin;C:\Users\jhynesbr\AppData\Local\Programs\Python\Python36-32\Scripts\;C:\Users\jhynesbr\AppData\Local\Programs\Python\Python36-32\;C:\Users\jhynesbr\AppData\Local\Microsoft\WindowsApps;C:\Users\jhynesbr\AppData\Local\atom\bin;C:\Program Files\Microsoft VS Code\bin;C:\Users\jhynesbr\AppData\Roaming\npm;C:\Users\jhynesbr\AppData\Local\rodeo\app-2.5.2\bin;%USERPROFILE%\AppData\Local\Microsoft\WindowsApps;;C:\Program Files\Git\usr\bin;C:\Program Files\Git\usr\share\vim\vim74;C:\Users\jhynesbr\Desktop\cmder\
10 verbose lifecycle personal-webserver@1.0.0~dev: CWD: C:\Users\jhynesbr\Desktop\trivia-Vue
11 silly lifecycle personal-webserver@1.0.0~dev: Args: [ '/d /s /c',
11 silly lifecycle   'npm nodemon server.js | npm run gulp dev | webpack-dev-server --inline --progress --config build/webpack.dev.conf.js' ]
12 silly lifecycle personal-webserver@1.0.0~dev: Returned: code: 255  signal: null
13 info lifecycle personal-webserver@1.0.0~dev: Failed to exec dev script
14 verbose stack Error: personal-webserver@1.0.0 dev: `npm nodemon server.js | npm run gulp dev | webpack-dev-server --inline --progress --config build/webpack.dev.conf.js`
14 verbose stack Exit status 255
14 verbose stack     at EventEmitter.<anonymous> (C:\Program Files\nodejs\node_modules\npm\lib\utils\lifecycle.js:255:16)
14 verbose stack     at emitTwo (events.js:106:13)
14 verbose stack     at EventEmitter.emit (events.js:191:7)
14 verbose stack     at ChildProcess.<anonymous> (C:\Program Files\nodejs\node_modules\npm\lib\utils\spawn.js:40:14)
14 verbose stack     at emitTwo (events.js:106:13)
14 verbose stack     at ChildProcess.emit (events.js:191:7)
14 verbose stack     at maybeClose (internal/child_process.js:891:16)
14 verbose stack     at Process.ChildProcess._handle.onexit (internal/child_process.js:226:5)
15 verbose pkgid personal-webserver@1.0.0
16 verbose cwd C:\Users\jhynesbr\Desktop\trivia-Vue
17 error Windows_NT 10.0.16299
18 error argv "C:\\Program Files\\nodejs\\node.exe" "C:\\Program Files\\nodejs\\node_modules\\npm\\bin\\npm-cli.js" "run" "dev"
19 error node v6.11.2
20 error npm  v3.10.10
21 error code ELIFECYCLE
22 error personal-webserver@1.0.0 dev: `npm nodemon server.js | npm run gulp dev | webpack-dev-server --inline --progress --config build/webpack.dev.conf.js`
22 error Exit status 255
23 error Failed at the personal-webserver@1.0.0 dev script 'npm nodemon server.js | npm run gulp dev | webpack-dev-server --inline --progress --config build/webpack.dev.conf.js'.
23 error Make sure you have the latest version of node.js and npm installed.
23 error If you do, this is most likely a problem with the personal-webserver package,
23 error not with npm itself.
23 error Tell the author that this fails on your system:
23 error     npm nodemon server.js | npm run gulp dev | webpack-dev-server --inline --progress --config build/webpack.dev.conf.js
23 error You can get information on how to open an issue for this project with:
23 error     npm bugs personal-webserver
23 error Or if that isn't available, you can get their info via:
23 error     npm owner ls personal-webserver
23 error There is likely additional logging output above.
24 verbose exit [ 1, true ]
